Error: [FAILED] PROCESSING FAILED: 28 out of 51 tests failed compilation/check: ["adding_chunk_to_memory", "basic_search_v", "benchmarks", "brute_force_search_v", "cloud_queries", "companies_graph", "companies_graph_v2", "complete_vector_addition_and_search", "custom_return_objects", "date_comparisons", "demo", "dijkstra_vs_bfs", "drop", "drop_from_search_v", "edge_from_node_to_vec", "graphiti", "mcp_macro", "model_macro", "negating_exists", "nested_and_ors", "nested_for_loops", "path_macros", "putts_professor", "search_v_with_embed", "series", "shortest_path", "update", "update_drop_then_add"]